0 info it worked if it ends with ok
1 verbose cli [ '/usr/local/Cellar/node/4.1.1/bin/node',
1 verbose cli   '/usr/local/bin/npm',
1 verbose cli   'install' ]
2 info using npm@2.14.4
3 info using node@v4.1.1
4 verbose readDependencies loading dependencies from /Users/hejie/projects/starWars/package.json
5 warn package.json est@0.0.0 No description
6 warn package.json est@0.0.0 No repository field.
7 warn package.json est@0.0.0 No README data
8 warn package.json est@0.0.0 No license field.
9 verbose install where, deps [ '/Users/hejie/projects/starWars',
9 verbose install   [ 'grunt',
9 verbose install     'grunt-contrib-htmlmin',
9 verbose install     'load-grunt-tasks',
9 verbose install     'time-grunt',
9 verbose install     'grunt-contrib-copy' ] ]
10 verbose install where, peers [ '/Users/hejie/projects/starWars', [] ]
11 verbose installManyTop reading for lifecycle /Users/hejie/projects/starWars/package.json
12 info preinstall est@0.0.0
13 verbose installManyTop reading scoped package data from /Users/hejie/projects/starWars/node_modules/apache-server-configs/package.json
14 verbose installManyTop reading scoped package data from /Users/hejie/projects/starWars/node_modules/babel/package.json
15 verbose installManyTop reading scoped package data from /Users/hejie/projects/starWars/node_modules/browser-sync/package.json
16 verbose installManyTop reading scoped package data from /Users/hejie/projects/starWars/node_modules/browser-sync-spa/package.json
17 verbose installManyTop reading scoped package data from /Users/hejie/projects/starWars/node_modules/chalk/package.json
18 verbose installManyTop reading scoped package data from /Users/hejie/projects/starWars/node_modules/concat-stream/package.json
19 verbose installManyTop reading scoped package data from /Users/hejie/projects/starWars/node_modules/del/package.json
20 verbose installManyTop reading scoped package data from /Users/hejie/projects/starWars/node_modules/grunt/package.json
21 verbose installManyTop reading scoped package data from /Users/hejie/projects/starWars/node_modules/grunt-autoprefixer/package.json
22 verbose installManyTop reading scoped package data from /Users/hejie/projects/starWars/node_modules/grunt-concurrent/package.json
23 verbose installManyTop reading scoped package data from /Users/hejie/projects/starWars/node_modules/grunt-contrib-clean/package.json
24 verbose installManyTop reading scoped package data from /Users/hejie/projects/starWars/node_modules/grunt-contrib-compass/package.json
25 verbose installManyTop reading scoped package data from /Users/hejie/projects/starWars/node_modules/grunt-contrib-concat/package.json
26 verbose installManyTop reading scoped package data from /Users/hejie/projects/starWars/node_modules/grunt-contrib-connect/package.json
27 verbose installManyTop reading scoped package data from /Users/hejie/projects/starWars/node_modules/grunt-contrib-copy/package.json
28 verbose installManyTop reading scoped package data from /Users/hejie/projects/starWars/node_modules/grunt-contrib-cssmin/package.json
29 verbose installManyTop reading scoped package data from /Users/hejie/projects/starWars/node_modules/grunt-contrib-htmlmin/package.json
30 verbose installManyTop reading scoped package data from /Users/hejie/projects/starWars/node_modules/grunt-contrib-imagemin/package.json
31 verbose installManyTop reading scoped package data from /Users/hejie/projects/starWars/node_modules/grunt-contrib-jshint/package.json
32 verbose installManyTop reading scoped package data from /Users/hejie/projects/starWars/node_modules/grunt-contrib-uglify/package.json
33 verbose installManyTop reading scoped package data from /Users/hejie/projects/starWars/node_modules/grunt-contrib-watch/package.json
34 verbose installManyTop reading scoped package data from /Users/hejie/projects/starWars/node_modules/grunt-mocha/package.json
35 verbose installManyTop reading scoped package data from /Users/hejie/projects/starWars/node_modules/grunt-newer/package.json
36 verbose installManyTop reading scoped package data from /Users/hejie/projects/starWars/node_modules/grunt-rev/package.json
37 verbose installManyTop reading scoped package data from /Users/hejie/projects/starWars/node_modules/grunt-sass/package.json
38 verbose installManyTop reading scoped package data from /Users/hejie/projects/starWars/node_modules/grunt-svgmin/package.json
39 verbose installManyTop reading scoped package data from /Users/hejie/projects/starWars/node_modules/grunt-usemin/package.json
40 verbose installManyTop reading scoped package data from /Users/hejie/projects/starWars/node_modules/grunt-wiredep/package.json
41 verbose installManyTop reading scoped package data from /Users/hejie/projects/starWars/node_modules/http-proxy-middleware/package.json
42 verbose installManyTop reading scoped package data from /Users/hejie/projects/starWars/node_modules/jasmine-core/package.json
43 verbose installManyTop reading scoped package data from /Users/hejie/projects/starWars/node_modules/jshint-stylish/package.json
44 verbose installManyTop reading scoped package data from /Users/hejie/projects/starWars/node_modules/karma/package.json
45 verbose installManyTop reading scoped package data from /Users/hejie/projects/starWars/node_modules/karma-jasmine/package.json
46 verbose installManyTop reading scoped package data from /Users/hejie/projects/starWars/node_modules/karma-ng-html2js-preprocessor/package.json
47 verbose installManyTop reading scoped package data from /Users/hejie/projects/starWars/node_modules/karma-phantomjs-launcher/package.json
48 verbose installManyTop reading scoped package data from /Users/hejie/projects/starWars/node_modules/load-grunt-tasks/package.json
49 verbose installManyTop reading scoped package data from /Users/hejie/projects/starWars/node_modules/lodash/package.json
50 verbose installManyTop reading scoped package data from /Users/hejie/projects/starWars/node_modules/main-bower-files/package.json
51 verbose installManyTop reading scoped package data from /Users/hejie/projects/starWars/node_modules/merge-stream/package.json
52 verbose installManyTop reading scoped package data from /Users/hejie/projects/starWars/node_modules/phantomjs/package.json
53 verbose installManyTop reading scoped package data from /Users/hejie/projects/starWars/node_modules/require-dir/package.json
54 verbose installManyTop reading scoped package data from /Users/hejie/projects/starWars/node_modules/time-grunt/package.json
55 verbose installManyTop reading scoped package data from /Users/hejie/projects/starWars/node_modules/uglify-save-license/package.json
56 verbose installManyTop reading scoped package data from /Users/hejie/projects/starWars/node_modules/wiredep/package.json
57 verbose installManyTop reading scoped package data from /Users/hejie/projects/starWars/node_modules/wrench/package.json
58 info package.json apache-server-configs@2.14.0 license should be a valid SPDX license expression
59 info package.json grunt@0.4.5 No license field.
60 info package.json grunt-contrib-clean@0.6.0 No license field.
61 info package.json grunt-concurrent@0.5.0 No license field.
62 info package.json grunt-contrib-compass@0.7.2 No license field.
63 info package.json grunt-contrib-concat@0.5.1 No license field.
64 info package.json grunt-contrib-connect@0.8.0 No license field.
65 info package.json grunt-contrib-copy@0.5.0 No license field.
66 info package.json grunt-contrib-cssmin@0.10.0 No license field.
67 info package.json grunt-contrib-htmlmin@0.3.0 No license field.
68 info package.json grunt-contrib-imagemin@0.8.1 No license field.
69 info package.json grunt-contrib-jshint@0.10.0 No license field.
70 info package.json grunt-contrib-uglify@0.5.1 No license field.
71 info package.json grunt-contrib-watch@0.6.1 No license field.
72 info package.json grunt-mocha@0.4.15 No license field.
73 info package.json grunt-newer@0.7.0 No license field.
74 info package.json grunt-rev@0.1.0 No license field.
75 info package.json grunt-svgmin@0.4.0 No license field.
76 info package.json grunt-wiredep@1.9.0 No license field.
77 info package.json uglify-save-license@0.4.1 No license field.
78 info package.json wiredep@2.2.2 No license field.
79 info package.json wrench@1.5.8 No license field.
80 verbose readDependencies loading dependencies from /Users/hejie/projects/starWars/package.json
81 verbose targetResolver reading package data from /Users/hejie/projects/starWars/node_modules/apache-server-configs/package.json
82 verbose targetResolver reading package data from /Users/hejie/projects/starWars/node_modules/babel/package.json
83 verbose targetResolver reading package data from /Users/hejie/projects/starWars/node_modules/browser-sync/package.json
84 verbose targetResolver reading package data from /Users/hejie/projects/starWars/node_modules/browser-sync-spa/package.json
85 verbose targetResolver reading package data from /Users/hejie/projects/starWars/node_modules/chalk/package.json
86 verbose targetResolver reading package data from /Users/hejie/projects/starWars/node_modules/concat-stream/package.json
87 verbose targetResolver reading package data from /Users/hejie/projects/starWars/node_modules/del/package.json
88 verbose targetResolver reading package data from /Users/hejie/projects/starWars/node_modules/grunt/package.json
89 verbose targetResolver reading package data from /Users/hejie/projects/starWars/node_modules/grunt-autoprefixer/package.json
90 verbose targetResolver reading package data from /Users/hejie/projects/starWars/node_modules/grunt-concurrent/package.json
91 verbose targetResolver reading package data from /Users/hejie/projects/starWars/node_modules/grunt-contrib-clean/package.json
92 verbose targetResolver reading package data from /Users/hejie/projects/starWars/node_modules/grunt-contrib-compass/package.json
93 verbose targetResolver reading package data from /Users/hejie/projects/starWars/node_modules/grunt-contrib-concat/package.json
94 verbose targetResolver reading package data from /Users/hejie/projects/starWars/node_modules/grunt-contrib-connect/package.json
95 verbose targetResolver reading package data from /Users/hejie/projects/starWars/node_modules/grunt-contrib-copy/package.json
96 verbose targetResolver reading package data from /Users/hejie/projects/starWars/node_modules/grunt-contrib-cssmin/package.json
97 verbose targetResolver reading package data from /Users/hejie/projects/starWars/node_modules/grunt-contrib-htmlmin/package.json
98 verbose targetResolver reading package data from /Users/hejie/projects/starWars/node_modules/grunt-contrib-imagemin/package.json
99 verbose targetResolver reading package data from /Users/hejie/projects/starWars/node_modules/grunt-contrib-jshint/package.json
100 verbose targetResolver reading package data from /Users/hejie/projects/starWars/node_modules/grunt-contrib-uglify/package.json
101 verbose targetResolver reading package data from /Users/hejie/projects/starWars/node_modules/grunt-contrib-watch/package.json
102 verbose targetResolver reading package data from /Users/hejie/projects/starWars/node_modules/grunt-mocha/package.json
103 verbose targetResolver reading package data from /Users/hejie/projects/starWars/node_modules/grunt-newer/package.json
104 verbose targetResolver reading package data from /Users/hejie/projects/starWars/node_modules/grunt-rev/package.json
105 verbose targetResolver reading package data from /Users/hejie/projects/starWars/node_modules/grunt-sass/package.json
106 verbose targetResolver reading package data from /Users/hejie/projects/starWars/node_modules/grunt-svgmin/package.json
107 verbose targetResolver reading package data from /Users/hejie/projects/starWars/node_modules/grunt-usemin/package.json
108 verbose targetResolver reading package data from /Users/hejie/projects/starWars/node_modules/grunt-wiredep/package.json
109 verbose targetResolver reading package data from /Users/hejie/projects/starWars/node_modules/http-proxy-middleware/package.json
110 verbose targetResolver reading package data from /Users/hejie/projects/starWars/node_modules/jasmine-core/package.json
111 verbose targetResolver reading package data from /Users/hejie/projects/starWars/node_modules/jshint-stylish/package.json
112 verbose targetResolver reading package data from /Users/hejie/projects/starWars/node_modules/karma/package.json
113 verbose targetResolver reading package data from /Users/hejie/projects/starWars/node_modules/karma-jasmine/package.json
114 verbose targetResolver reading package data from /Users/hejie/projects/starWars/node_modules/karma-ng-html2js-preprocessor/package.json
115 verbose targetResolver reading package data from /Users/hejie/projects/starWars/node_modules/karma-phantomjs-launcher/package.json
116 verbose targetResolver reading package data from /Users/hejie/projects/starWars/node_modules/load-grunt-tasks/package.json
117 verbose targetResolver reading package data from /Users/hejie/projects/starWars/node_modules/lodash/package.json
118 verbose targetResolver reading package data from /Users/hejie/projects/starWars/node_modules/main-bower-files/package.json
119 verbose targetResolver reading package data from /Users/hejie/projects/starWars/node_modules/merge-stream/package.json
120 verbose targetResolver reading package data from /Users/hejie/projects/starWars/node_modules/phantomjs/package.json
121 verbose targetResolver reading package data from /Users/hejie/projects/starWars/node_modules/require-dir/package.json
122 verbose targetResolver reading package data from /Users/hejie/projects/starWars/node_modules/time-grunt/package.json
123 verbose targetResolver reading package data from /Users/hejie/projects/starWars/node_modules/uglify-save-license/package.json
124 verbose targetResolver reading package data from /Users/hejie/projects/starWars/node_modules/wiredep/package.json
125 verbose targetResolver reading package data from /Users/hejie/projects/starWars/node_modules/wrench/package.json
126 verbose targetResolver reading package data from /Users/hejie/projects/starWars/node_modules/.bin/babel/package.json
127 verbose targetResolver reading package data from /Users/hejie/projects/starWars/node_modules/.bin/babel-external-helpers/package.json
128 verbose targetResolver reading package data from /Users/hejie/projects/starWars/node_modules/.bin/babel-node/package.json
129 verbose targetResolver reading package data from /Users/hejie/projects/starWars/node_modules/.bin/babel-plugin/package.json
130 verbose targetResolver reading package data from /Users/hejie/projects/starWars/node_modules/.bin/browser-sync/package.json
131 verbose targetResolver reading package data from /Users/hejie/projects/starWars/node_modules/.bin/karma/package.json
132 verbose targetResolver reading package data from /Users/hejie/projects/starWars/node_modules/.bin/phantomjs/package.json
133 verbose targetResolver reading package data from /Users/hejie/projects/starWars/node_modules/.bin/wiredep/package.json
134 verbose already installed skipping grunt-contrib-htmlmin@* /Users/hejie/projects/starWars
135 verbose already installed skipping load-grunt-tasks@* /Users/hejie/projects/starWars
136 verbose already installed skipping time-grunt@* /Users/hejie/projects/starWars
137 verbose already installed skipping grunt-contrib-copy@* /Users/hejie/projects/starWars
138 verbose already installed skipping grunt@* /Users/hejie/projects/starWars
139 silly install resolved []
140 info build /Users/hejie/projects/starWars
141 info linkStuff est@0.0.0
142 silly linkStuff est@0.0.0 has /Users/hejie/projects as its parent node_modules
143 verbose linkBins est@0.0.0
144 verbose linkMans est@0.0.0
145 verbose rebuildBundles est@0.0.0
146 verbose rebuildBundles [ '.bin',
146 verbose rebuildBundles   'apache-server-configs',
146 verbose rebuildBundles   'babel',
146 verbose rebuildBundles   'browser-sync',
146 verbose rebuildBundles   'browser-sync-spa',
146 verbose rebuildBundles   'chalk',
146 verbose rebuildBundles   'concat-stream',
146 verbose rebuildBundles   'del',
146 verbose rebuildBundles   'grunt',
146 verbose rebuildBundles   'grunt-autoprefixer',
146 verbose rebuildBundles   'grunt-concurrent',
146 verbose rebuildBundles   'grunt-contrib-clean',
146 verbose rebuildBundles   'grunt-contrib-compass',
146 verbose rebuildBundles   'grunt-contrib-concat',
146 verbose rebuildBundles   'grunt-contrib-connect',
146 verbose rebuildBundles   'grunt-contrib-copy',
146 verbose rebuildBundles   'grunt-contrib-cssmin',
146 verbose rebuildBundles   'grunt-contrib-htmlmin',
146 verbose rebuildBundles   'grunt-contrib-imagemin',
146 verbose rebuildBundles   'grunt-contrib-jshint',
146 verbose rebuildBundles   'grunt-contrib-uglify',
146 verbose rebuildBundles   'grunt-contrib-watch',
146 verbose rebuildBundles   'grunt-mocha',
146 verbose rebuildBundles   'grunt-newer',
146 verbose rebuildBundles   'grunt-rev',
146 verbose rebuildBundles   'grunt-sass',
146 verbose rebuildBundles   'grunt-svgmin',
146 verbose rebuildBundles   'grunt-usemin',
146 verbose rebuildBundles   'grunt-wiredep',
146 verbose rebuildBundles   'http-proxy-middleware',
146 verbose rebuildBundles   'jasmine-core',
146 verbose rebuildBundles   'jshint-stylish',
146 verbose rebuildBundles   'karma',
146 verbose rebuildBundles   'karma-jasmine',
146 verbose rebuildBundles   'karma-ng-html2js-preprocessor',
146 verbose rebuildBundles   'karma-phantomjs-launcher',
146 verbose rebuildBundles   'load-grunt-tasks',
146 verbose rebuildBundles   'lodash',
146 verbose rebuildBundles   'main-bower-files',
146 verbose rebuildBundles   'merge-stream',
146 verbose rebuildBundles   'phantomjs',
146 verbose rebuildBundles   'require-dir',
146 verbose rebuildBundles   'time-grunt',
146 verbose rebuildBundles   'uglify-save-license',
146 verbose rebuildBundles   'wiredep',
146 verbose rebuildBundles   'wrench' ]
147 verbose rebuild bundle /Users/hejie/projects/starWars/node_modules/apache-server-configs
148 info build /Users/hejie/projects/starWars/node_modules/apache-server-configs
149 info preinstall apache-server-configs@2.14.0
150 info linkStuff apache-server-configs@2.14.0
151 silly linkStuff apache-server-configs@2.14.0 has /Users/hejie/projects/starWars/node_modules as its parent node_modules
152 verbose linkBins apache-server-configs@2.14.0
153 verbose linkMans apache-server-configs@2.14.0
154 verbose rebuildBundles apache-server-configs@2.14.0
155 info install apache-server-configs@2.14.0
156 info postinstall apache-server-configs@2.14.0
157 verbose rebuild bundle /Users/hejie/projects/starWars/node_modules/babel
158 info build /Users/hejie/projects/starWars/node_modules/babel
159 info preinstall babel@5.8.34
160 info linkStuff babel@5.8.34
161 silly linkStuff babel@5.8.34 has /Users/hejie/projects/starWars/node_modules as its parent node_modules
162 warn prefer global babel@5.8.34 should be installed with -g
163 verbose linkBins babel@5.8.34
164 verbose link bins [ { babel: './bin/babel.js',
164 verbose link bins     'babel-node': './bin/babel-node.js',
164 verbose link bins     'babel-external-helpers': './bin/babel-external-helpers.js',
164 verbose link bins     'babel-plugin': './bin/babel-plugin.js' },
164 verbose link bins   '/Users/hejie/projects/starWars/node_modules/.bin',
164 verbose link bins   false ]
165 verbose linkMans babel@5.8.34
166 verbose rebuildBundles babel@5.8.34
167 verbose rebuildBundles [ 'babel-core',
167 verbose rebuildBundles   'chokidar',
167 verbose rebuildBundles   'commander',
167 verbose rebuildBundles   'convert-source-map',
167 verbose rebuildBundles   'fs-readdir-recursive',
167 verbose rebuildBundles   'glob',
167 verbose rebuildBundles   'output-file-sync',
167 verbose rebuildBundles   'path-exists',
167 verbose rebuildBundles   'path-is-absolute',
167 verbose rebuildBundles   'slash',
167 verbose rebuildBundles   'source-map' ]
168 silly gentlyRm /Users/hejie/projects/starWars/node_modules/.bin/babel is being purged
169 verbose gentlyRm don't care about contents; nuking /Users/hejie/projects/starWars/node_modules/.bin/babel
170 silly gentlyRm /Users/hejie/projects/starWars/node_modules/.bin/babel-node is being purged
171 verbose gentlyRm don't care about contents; nuking /Users/hejie/projects/starWars/node_modules/.bin/babel-node
172 silly gentlyRm /Users/hejie/projects/starWars/node_modules/.bin/babel-external-helpers is being purged
173 verbose gentlyRm don't care about contents; nuking /Users/hejie/projects/starWars/node_modules/.bin/babel-external-helpers
174 silly gentlyRm /Users/hejie/projects/starWars/node_modules/.bin/babel-plugin is being purged
175 verbose gentlyRm don't care about contents; nuking /Users/hejie/projects/starWars/node_modules/.bin/babel-plugin
176 silly vacuum-fs purging /Users/hejie/projects/starWars/node_modules/.bin/babel
177 silly vacuum-fs purging /Users/hejie/projects/starWars/node_modules/.bin/babel-node
178 silly vacuum-fs purging /Users/hejie/projects/starWars/node_modules/.bin/babel-external-helpers
179 silly vacuum-fs purging /Users/hejie/projects/starWars/node_modules/.bin/babel-plugin
180 silly vacuum-fs quitting because other entries in /Users/hejie/projects/starWars/node_modules/.bin
181 silly vacuum-fs quitting because other entries in /Users/hejie/projects/starWars/node_modules/.bin
182 silly vacuum-fs quitting because other entries in /Users/hejie/projects/starWars/node_modules/.bin
183 silly vacuum-fs quitting because other entries in /Users/hejie/projects/starWars/node_modules/.bin
184 info install babel@5.8.34
185 info postinstall babel@5.8.34
186 verbose rebuild bundle /Users/hejie/projects/starWars/node_modules/browser-sync
187 info build /Users/hejie/projects/starWars/node_modules/browser-sync
188 info preinstall browser-sync@2.7.13
189 info linkStuff browser-sync@2.7.13
190 silly linkStuff browser-sync@2.7.13 has /Users/hejie/projects/starWars/node_modules as its parent node_modules
191 verbose linkBins browser-sync@2.7.13
192 verbose link bins [ { 'browser-sync': 'bin/browser-sync.js' },
192 verbose link bins   '/Users/hejie/projects/starWars/node_modules/.bin',
192 verbose link bins   false ]
193 verbose linkMans browser-sync@2.7.13
194 verbose rebuildBundles browser-sync@2.7.13
195 verbose rebuildBundles [ '.bin',
195 verbose rebuildBundles   'anymatch',
195 verbose rebuildBundles   'async-each-series',
195 verbose rebuildBundles   'browser-sync-client',
195 verbose rebuildBundles   'browser-sync-ui',
195 verbose rebuildBundles   'chokidar',
195 verbose rebuildBundles   'connect',
195 verbose rebuildBundles   'dev-ip',
195 verbose rebuildBundles   'easy-extender',
195 verbose rebuildBundles   'eazy-logger',
195 verbose rebuildBundles   'emitter-steward',
195 verbose rebuildBundles   'foxy',
195 verbose rebuildBundles   'immutable',
195 verbose rebuildBundles   'localtunnel',
195 verbose rebuildBundles   'longest',
195 verbose rebuildBundles   'meow',
195 verbose rebuildBundles   'opn',
195 verbose rebuildBundles   'pad-left',
195 verbose rebuildBundles   'portscanner',
195 verbose rebuildBundles   'query-string',
195 verbose rebuildBundles   'resp-modifier',
195 verbose rebuildBundles   'serve-index',
195 verbose rebuildBundles   'serve-static',
195 verbose rebuildBundles   'socket.io',
195 verbose rebuildBundles   'ua-parser-js',
195 verbose rebuildBundles   'ucfirst' ]
196 silly gentlyRm /Users/hejie/projects/starWars/node_modules/.bin/browser-sync is being purged
197 verbose gentlyRm don't care about contents; nuking /Users/hejie/projects/starWars/node_modules/.bin/browser-sync
198 silly vacuum-fs purging /Users/hejie/projects/starWars/node_modules/.bin/browser-sync
199 silly vacuum-fs quitting because other entries in /Users/hejie/projects/starWars/node_modules/.bin
200 info install browser-sync@2.7.13
201 info postinstall browser-sync@2.7.13
202 verbose rebuild bundle /Users/hejie/projects/starWars/node_modules/browser-sync-spa
203 info build /Users/hejie/projects/starWars/node_modules/browser-sync-spa
204 info preinstall browser-sync-spa@1.0.3
205 info linkStuff browser-sync-spa@1.0.3
206 silly linkStuff browser-sync-spa@1.0.3 has /Users/hejie/projects/starWars/node_modules as its parent node_modules
207 verbose linkBins browser-sync-spa@1.0.3
208 verbose linkMans browser-sync-spa@1.0.3
209 verbose rebuildBundles browser-sync-spa@1.0.3
210 verbose rebuildBundles [ 'connect-history-api-fallback', 'opt-merger' ]
211 info install browser-sync-spa@1.0.3
212 info postinstall browser-sync-spa@1.0.3
213 verbose rebuild bundle /Users/hejie/projects/starWars/node_modules/chalk
214 info build /Users/hejie/projects/starWars/node_modules/chalk
215 info preinstall chalk@1.0.0
216 info linkStuff chalk@1.0.0
217 silly linkStuff chalk@1.0.0 has /Users/hejie/projects/starWars/node_modules as its parent node_modules
218 verbose linkBins chalk@1.0.0
219 verbose linkMans chalk@1.0.0
220 verbose rebuildBundles chalk@1.0.0
221 verbose rebuildBundles [ '.bin',
221 verbose rebuildBundles   'ansi-styles',
221 verbose rebuildBundles   'escape-string-regexp',
221 verbose rebuildBundles   'has-ansi',
221 verbose rebuildBundles   'strip-ansi',
221 verbose rebuildBundles   'supports-color' ]
222 info install chalk@1.0.0
223 info postinstall chalk@1.0.0
224 verbose rebuild bundle /Users/hejie/projects/starWars/node_modules/concat-stream
225 info build /Users/hejie/projects/starWars/node_modules/concat-stream
226 info preinstall concat-stream@1.5.1
227 info linkStuff concat-stream@1.5.1
228 silly linkStuff concat-stream@1.5.1 has /Users/hejie/projects/starWars/node_modules as its parent node_modules
229 verbose linkBins concat-stream@1.5.1
230 verbose linkMans concat-stream@1.5.1
231 verbose rebuildBundles concat-stream@1.5.1
232 verbose rebuildBundles [ 'inherits', 'readable-stream', 'typedarray' ]
233 info install concat-stream@1.5.1
234 info postinstall concat-stream@1.5.1
235 verbose rebuild bundle /Users/hejie/projects/starWars/node_modules/del
236 info build /Users/hejie/projects/starWars/node_modules/del
237 info preinstall del@1.2.1
238 info linkStuff del@1.2.1
239 silly linkStuff del@1.2.1 has /Users/hejie/projects/starWars/node_modules as its parent node_modules
240 verbose linkBins del@1.2.1
241 verbose linkMans del@1.2.1
242 verbose rebuildBundles del@1.2.1
243 verbose rebuildBundles [ '.bin',
243 verbose rebuildBundles   'each-async',
243 verbose rebuildBundles   'globby',
243 verbose rebuildBundles   'is-path-cwd',
243 verbose rebuildBundles   'is-path-in-cwd',
243 verbose rebuildBundles   'object-assign',
243 verbose rebuildBundles   'rimraf' ]
244 info install del@1.2.1
245 info postinstall del@1.2.1
246 verbose rebuild bundle /Users/hejie/projects/starWars/node_modules/grunt-autoprefixer
247 info build /Users/hejie/projects/starWars/node_modules/grunt-autoprefixer
248 info preinstall grunt-autoprefixer@1.0.1
249 info linkStuff grunt-autoprefixer@1.0.1
250 silly linkStuff grunt-autoprefixer@1.0.1 has /Users/hejie/projects/starWars/node_modules as its parent node_modules
251 verbose linkBins grunt-autoprefixer@1.0.1
252 verbose linkMans grunt-autoprefixer@1.0.1
253 verbose rebuildBundles grunt-autoprefixer@1.0.1
254 verbose rebuildBundles [ 'autoprefixer-core', 'chalk', 'diff' ]
255 info install grunt-autoprefixer@1.0.1
256 info postinstall grunt-autoprefixer@1.0.1
257 verbose rebuild bundle /Users/hejie/projects/starWars/node_modules/grunt-concurrent
258 info build /Users/hejie/projects/starWars/node_modules/grunt-concurrent
259 info preinstall grunt-concurrent@0.5.0
260 info linkStuff grunt-concurrent@0.5.0
261 silly linkStuff grunt-concurrent@0.5.0 has /Users/hejie/projects/starWars/node_modules as its parent node_modules
262 verbose linkBins grunt-concurrent@0.5.0
263 verbose linkMans grunt-concurrent@0.5.0
264 verbose rebuildBundles grunt-concurrent@0.5.0
265 verbose rebuildBundles [ 'async', 'pad-stdio' ]
266 info install grunt-concurrent@0.5.0
267 info postinstall grunt-concurrent@0.5.0
268 verbose rebuild bundle /Users/hejie/projects/starWars/node_modules/grunt-contrib-clean
269 info build /Users/hejie/projects/starWars/node_modules/grunt-contrib-clean
270 info preinstall grunt-contrib-clean@0.6.0
271 info linkStuff grunt-contrib-clean@0.6.0
272 silly linkStuff grunt-contrib-clean@0.6.0 has /Users/hejie/projects/starWars/node_modules as its parent node_modules
273 verbose linkBins grunt-contrib-clean@0.6.0
274 verbose linkMans grunt-contrib-clean@0.6.0
275 verbose rebuildBundles grunt-contrib-clean@0.6.0
276 verbose rebuildBundles [ '.bin', 'rimraf' ]
277 info install grunt-contrib-clean@0.6.0
278 info postinstall grunt-contrib-clean@0.6.0
279 verbose rebuild bundle /Users/hejie/projects/starWars/node_modules/grunt-contrib-compass
280 info build /Users/hejie/projects/starWars/node_modules/grunt-contrib-compass
281 info preinstall grunt-contrib-compass@0.7.2
282 info linkStuff grunt-contrib-compass@0.7.2
283 silly linkStuff grunt-contrib-compass@0.7.2 has /Users/hejie/projects/starWars/node_modules as its parent node_modules
284 verbose linkBins grunt-contrib-compass@0.7.2
285 verbose linkMans grunt-contrib-compass@0.7.2
286 verbose rebuildBundles grunt-contrib-compass@0.7.2
287 verbose rebuildBundles [ 'async', 'dargs', 'tmp' ]
288 info install grunt-contrib-compass@0.7.2
289 info postinstall grunt-contrib-compass@0.7.2
290 verbose rebuild bundle /Users/hejie/projects/starWars/node_modules/grunt-contrib-concat
291 info build /Users/hejie/projects/starWars/node_modules/grunt-contrib-concat
292 info preinstall grunt-contrib-concat@0.5.1
293 info linkStuff grunt-contrib-concat@0.5.1
294 silly linkStuff grunt-contrib-concat@0.5.1 has /Users/hejie/projects/starWars/node_modules as its parent node_modules
295 verbose linkBins grunt-contrib-concat@0.5.1
296 verbose linkMans grunt-contrib-concat@0.5.1
297 verbose rebuildBundles grunt-contrib-concat@0.5.1
298 verbose rebuildBundles [ 'chalk', 'source-map' ]
299 info install grunt-contrib-concat@0.5.1
300 info postinstall grunt-contrib-concat@0.5.1
301 verbose rebuild bundle /Users/hejie/projects/starWars/node_modules/grunt-contrib-connect
302 info build /Users/hejie/projects/starWars/node_modules/grunt-contrib-connect
303 info preinstall grunt-contrib-connect@0.8.0
304 info linkStuff grunt-contrib-connect@0.8.0
305 silly linkStuff grunt-contrib-connect@0.8.0 has /Users/hejie/projects/starWars/node_modules as its parent node_modules
306 verbose linkBins grunt-contrib-connect@0.8.0
307 verbose linkMans grunt-contrib-connect@0.8.0
308 verbose rebuildBundles grunt-contrib-connect@0.8.0
309 verbose rebuildBundles [ 'async', 'connect', 'connect-livereload', 'open', 'portscanner' ]
310 info install grunt-contrib-connect@0.8.0
311 info postinstall grunt-contrib-connect@0.8.0
312 verbose rebuild bundle /Users/hejie/projects/starWars/node_modules/grunt-contrib-cssmin
313 info build /Users/hejie/projects/starWars/node_modules/grunt-contrib-cssmin
314 info preinstall grunt-contrib-cssmin@0.10.0
315 info linkStuff grunt-contrib-cssmin@0.10.0
316 silly linkStuff grunt-contrib-cssmin@0.10.0 has /Users/hejie/projects/starWars/node_modules as its parent node_modules
317 verbose linkBins grunt-contrib-cssmin@0.10.0
318 verbose linkMans grunt-contrib-cssmin@0.10.0
319 verbose rebuildBundles grunt-contrib-cssmin@0.10.0
320 verbose rebuildBundles [ '.bin', 'chalk', 'clean-css', 'maxmin' ]
321 info install grunt-contrib-cssmin@0.10.0
322 info postinstall grunt-contrib-cssmin@0.10.0
323 verbose rebuild bundle /Users/hejie/projects/starWars/node_modules/grunt-contrib-imagemin
324 info build /Users/hejie/projects/starWars/node_modules/grunt-contrib-imagemin
325 info preinstall grunt-contrib-imagemin@0.8.1
326 info linkStuff grunt-contrib-imagemin@0.8.1
327 silly linkStuff grunt-contrib-imagemin@0.8.1 has /Users/hejie/projects/starWars/node_modules as its parent node_modules
328 verbose linkBins grunt-contrib-imagemin@0.8.1
329 verbose linkMans grunt-contrib-imagemin@0.8.1
330 verbose rebuildBundles grunt-contrib-imagemin@0.8.1
331 verbose rebuildBundles [ '.bin', 'async', 'chalk', 'imagemin', 'pretty-bytes' ]
332 info install grunt-contrib-imagemin@0.8.1
333 info postinstall grunt-contrib-imagemin@0.8.1
334 verbose rebuild bundle /Users/hejie/projects/starWars/node_modules/grunt-contrib-jshint
335 info build /Users/hejie/projects/starWars/node_modules/grunt-contrib-jshint
336 info preinstall grunt-contrib-jshint@0.10.0
337 info linkStuff grunt-contrib-jshint@0.10.0
338 silly linkStuff grunt-contrib-jshint@0.10.0 has /Users/hejie/projects/starWars/node_modules as its parent node_modules
339 verbose linkBins grunt-contrib-jshint@0.10.0
340 verbose linkMans grunt-contrib-jshint@0.10.0
341 verbose rebuildBundles grunt-contrib-jshint@0.10.0
342 verbose rebuildBundles [ '.bin', 'hooker', 'jshint' ]
343 info install grunt-contrib-jshint@0.10.0
344 info postinstall grunt-contrib-jshint@0.10.0
345 verbose rebuild bundle /Users/hejie/projects/starWars/node_modules/grunt-contrib-uglify
346 info build /Users/hejie/projects/starWars/node_modules/grunt-contrib-uglify
347 info preinstall grunt-contrib-uglify@0.5.1
348 info linkStuff grunt-contrib-uglify@0.5.1
349 silly linkStuff grunt-contrib-uglify@0.5.1 has /Users/hejie/projects/starWars/node_modules as its parent node_modules
350 verbose linkBins grunt-contrib-uglify@0.5.1
351 verbose linkMans grunt-contrib-uglify@0.5.1
352 verbose rebuildBundles grunt-contrib-uglify@0.5.1
353 verbose rebuildBundles [ '.bin', 'chalk', 'lodash', 'maxmin', 'uglify-js' ]
354 info install grunt-contrib-uglify@0.5.1
355 info postinstall grunt-contrib-uglify@0.5.1
356 verbose rebuild bundle /Users/hejie/projects/starWars/node_modules/grunt-contrib-watch
357 info build /Users/hejie/projects/starWars/node_modules/grunt-contrib-watch
358 info preinstall grunt-contrib-watch@0.6.1
359 info linkStuff grunt-contrib-watch@0.6.1
360 silly linkStuff grunt-contrib-watch@0.6.1 has /Users/hejie/projects/starWars/node_modules as its parent node_modules
361 verbose linkBins grunt-contrib-watch@0.6.1
362 verbose linkMans grunt-contrib-watch@0.6.1
363 verbose rebuildBundles grunt-contrib-watch@0.6.1
364 verbose rebuildBundles [ '.bin', 'async', 'gaze', 'lodash', 'tiny-lr-fork' ]
365 info install grunt-contrib-watch@0.6.1
366 info postinstall grunt-contrib-watch@0.6.1
367 verbose rebuild bundle /Users/hejie/projects/starWars/node_modules/grunt-mocha
368 info build /Users/hejie/projects/starWars/node_modules/grunt-mocha
369 info preinstall grunt-mocha@0.4.15
370 info linkStuff grunt-mocha@0.4.15
371 silly linkStuff grunt-mocha@0.4.15 has /Users/hejie/projects/starWars/node_modules as its parent node_modules
372 verbose linkBins grunt-mocha@0.4.15
373 verbose linkMans grunt-mocha@0.4.15
374 verbose rebuildBundles grunt-mocha@0.4.15
375 verbose rebuildBundles [ '.bin', 'grunt-lib-phantomjs', 'mocha' ]
376 info install grunt-mocha@0.4.15
377 info postinstall grunt-mocha@0.4.15
378 verbose rebuild bundle /Users/hejie/projects/starWars/node_modules/grunt-newer
379 info build /Users/hejie/projects/starWars/node_modules/grunt-newer
380 info preinstall grunt-newer@0.7.0
381 info linkStuff grunt-newer@0.7.0
382 silly linkStuff grunt-newer@0.7.0 has /Users/hejie/projects/starWars/node_modules as its parent node_modules
383 verbose linkBins grunt-newer@0.7.0
384 verbose linkMans grunt-newer@0.7.0
385 verbose rebuildBundles grunt-newer@0.7.0
386 verbose rebuildBundles [ '.bin', 'async', 'rimraf' ]
387 info install grunt-newer@0.7.0
388 info postinstall grunt-newer@0.7.0
389 verbose rebuild bundle /Users/hejie/projects/starWars/node_modules/grunt-rev
390 info build /Users/hejie/projects/starWars/node_modules/grunt-rev
391 info preinstall grunt-rev@0.1.0
392 info linkStuff grunt-rev@0.1.0
393 silly linkStuff grunt-rev@0.1.0 has /Users/hejie/projects/starWars/node_modules as its parent node_modules
394 verbose linkBins grunt-rev@0.1.0
395 verbose linkMans grunt-rev@0.1.0
396 verbose rebuildBundles grunt-rev@0.1.0
397 info install grunt-rev@0.1.0
398 info postinstall grunt-rev@0.1.0
399 verbose rebuild bundle /Users/hejie/projects/starWars/node_modules/grunt-sass
400 info build /Users/hejie/projects/starWars/node_modules/grunt-sass
401 info preinstall grunt-sass@0.14.2
402 info linkStuff grunt-sass@0.14.2
403 silly linkStuff grunt-sass@0.14.2 has /Users/hejie/projects/starWars/node_modules as its parent node_modules
404 verbose linkBins grunt-sass@0.14.2
405 verbose linkMans grunt-sass@0.14.2
406 verbose rebuildBundles grunt-sass@0.14.2
407 verbose rebuildBundles [ '.bin', 'chalk', 'each-async', 'node-sass', 'object-assign' ]
408 info install grunt-sass@0.14.2
409 info postinstall grunt-sass@0.14.2
410 verbose rebuild bundle /Users/hejie/projects/starWars/node_modules/grunt-svgmin
411 info build /Users/hejie/projects/starWars/node_modules/grunt-svgmin
412 info preinstall grunt-svgmin@0.4.0
413 info linkStuff grunt-svgmin@0.4.0
414 silly linkStuff grunt-svgmin@0.4.0 has /Users/hejie/projects/starWars/node_modules as its parent node_modules
415 verbose linkBins grunt-svgmin@0.4.0
416 verbose linkMans grunt-svgmin@0.4.0
417 verbose rebuildBundles grunt-svgmin@0.4.0
418 verbose rebuildBundles [ '.bin', 'chalk', 'each-async', 'pretty-bytes', 'svgo' ]
419 info install grunt-svgmin@0.4.0
420 info postinstall grunt-svgmin@0.4.0
421 verbose rebuild bundle /Users/hejie/projects/starWars/node_modules/grunt-usemin
422 info build /Users/hejie/projects/starWars/node_modules/grunt-usemin
423 info preinstall grunt-usemin@2.6.2
424 info linkStuff grunt-usemin@2.6.2
425 silly linkStuff grunt-usemin@2.6.2 has /Users/hejie/projects/starWars/node_modules as its parent node_modules
426 verbose linkBins grunt-usemin@2.6.2
427 verbose linkMans grunt-usemin@2.6.2
428 verbose rebuildBundles grunt-usemin@2.6.2
429 verbose rebuildBundles [ 'chalk', 'debug', 'lodash' ]
430 info install grunt-usemin@2.6.2
431 info postinstall grunt-usemin@2.6.2
432 verbose rebuild bundle /Users/hejie/projects/starWars/node_modules/grunt-wiredep
433 info build /Users/hejie/projects/starWars/node_modules/grunt-wiredep
434 info preinstall grunt-wiredep@1.9.0
435 info linkStuff grunt-wiredep@1.9.0
436 silly linkStuff grunt-wiredep@1.9.0 has /Users/hejie/projects/starWars/node_modules as its parent node_modules
437 verbose linkBins grunt-wiredep@1.9.0
438 verbose linkMans grunt-wiredep@1.9.0
439 verbose rebuildBundles grunt-wiredep@1.9.0
440 verbose rebuildBundles [ '.bin', 'wiredep' ]
441 info install grunt-wiredep@1.9.0
442 info postinstall grunt-wiredep@1.9.0
443 verbose rebuild bundle /Users/hejie/projects/starWars/node_modules/http-proxy-middleware
444 info build /Users/hejie/projects/starWars/node_modules/http-proxy-middleware
445 info preinstall http-proxy-middleware@0.0.5
446 info linkStuff http-proxy-middleware@0.0.5
447 silly linkStuff http-proxy-middleware@0.0.5 has /Users/hejie/projects/starWars/node_modules as its parent node_modules
448 verbose linkBins http-proxy-middleware@0.0.5
449 verbose linkMans http-proxy-middleware@0.0.5
450 verbose rebuildBundles http-proxy-middleware@0.0.5
451 verbose rebuildBundles [ 'http-proxy', 'url' ]
452 info install http-proxy-middleware@0.0.5
453 info postinstall http-proxy-middleware@0.0.5
454 verbose rebuild bundle /Users/hejie/projects/starWars/node_modules/jasmine-core
455 info build /Users/hejie/projects/starWars/node_modules/jasmine-core
456 info preinstall jasmine-core@2.4.1
457 info linkStuff jasmine-core@2.4.1
458 silly linkStuff jasmine-core@2.4.1 has /Users/hejie/projects/starWars/node_modules as its parent node_modules
459 verbose linkBins jasmine-core@2.4.1
460 verbose linkMans jasmine-core@2.4.1
461 verbose rebuildBundles jasmine-core@2.4.1
462 info install jasmine-core@2.4.1
463 info postinstall jasmine-core@2.4.1
464 verbose rebuild bundle /Users/hejie/projects/starWars/node_modules/jshint-stylish
465 info build /Users/hejie/projects/starWars/node_modules/jshint-stylish
466 info preinstall jshint-stylish@0.4.0
467 info linkStuff jshint-stylish@0.4.0
468 silly linkStuff jshint-stylish@0.4.0 has /Users/hejie/projects/starWars/node_modules as its parent node_modules
469 verbose linkBins jshint-stylish@0.4.0
470 verbose linkMans jshint-stylish@0.4.0
471 verbose rebuildBundles jshint-stylish@0.4.0
472 verbose rebuildBundles [ 'chalk', 'log-symbols', 'text-table' ]
473 info install jshint-stylish@0.4.0
474 info postinstall jshint-stylish@0.4.0
475 verbose rebuild bundle /Users/hejie/projects/starWars/node_modules/karma
476 info build /Users/hejie/projects/starWars/node_modules/karma
477 info preinstall karma@0.12.37
478 info linkStuff karma@0.12.37
479 silly linkStuff karma@0.12.37 has /Users/hejie/projects/starWars/node_modules as its parent node_modules
480 verbose linkBins karma@0.12.37
481 verbose link bins [ { karma: './bin/karma' },
481 verbose link bins   '/Users/hejie/projects/starWars/node_modules/.bin',
481 verbose link bins   false ]
482 verbose linkMans karma@0.12.37
483 verbose rebuildBundles karma@0.12.37
484 verbose rebuildBundles [ '.bin',
484 verbose rebuildBundles   'chokidar',
484 verbose rebuildBundles   'colors',
484 verbose rebuildBundles   'connect',
484 verbose rebuildBundles   'di',
484 verbose rebuildBundles   'glob',
484 verbose rebuildBundles   'graceful-fs',
484 verbose rebuildBundles   'http-proxy',
484 verbose rebuildBundles   'log4js',
484 verbose rebuildBundles   'mime',
484 verbose rebuildBundles   'minimatch',
484 verbose rebuildBundles   'optimist',
484 verbose rebuildBundles   'q',
484 verbose rebuildBundles   'rimraf',
484 verbose rebuildBundles   'socket.io',
484 verbose rebuildBundles   'source-map',
484 verbose rebuildBundles   'useragent' ]
485 silly gentlyRm /Users/hejie/projects/starWars/node_modules/.bin/karma is being purged
486 verbose gentlyRm don't care about contents; nuking /Users/hejie/projects/starWars/node_modules/.bin/karma
487 silly vacuum-fs purging /Users/hejie/projects/starWars/node_modules/.bin/karma
488 silly vacuum-fs quitting because other entries in /Users/hejie/projects/starWars/node_modules/.bin
489 info install karma@0.12.37
490 info postinstall karma@0.12.37
491 verbose rebuild bundle /Users/hejie/projects/starWars/node_modules/karma-jasmine
492 info build /Users/hejie/projects/starWars/node_modules/karma-jasmine
493 info preinstall karma-jasmine@0.3.6
494 info linkStuff karma-jasmine@0.3.6
495 silly linkStuff karma-jasmine@0.3.6 has /Users/hejie/projects/starWars/node_modules as its parent node_modules
496 verbose linkBins karma-jasmine@0.3.6
497 verbose linkMans karma-jasmine@0.3.6
498 verbose rebuildBundles karma-jasmine@0.3.6
499 info install karma-jasmine@0.3.6
500 info postinstall karma-jasmine@0.3.6
501 verbose rebuild bundle /Users/hejie/projects/starWars/node_modules/karma-ng-html2js-preprocessor
502 info build /Users/hejie/projects/starWars/node_modules/karma-ng-html2js-preprocessor
503 info preinstall karma-ng-html2js-preprocessor@0.1.2
504 info linkStuff karma-ng-html2js-preprocessor@0.1.2
505 silly linkStuff karma-ng-html2js-preprocessor@0.1.2 has /Users/hejie/projects/starWars/node_modules as its parent node_modules
506 verbose linkBins karma-ng-html2js-preprocessor@0.1.2
507 verbose linkMans karma-ng-html2js-preprocessor@0.1.2
508 verbose rebuildBundles karma-ng-html2js-preprocessor@0.1.2
509 info install karma-ng-html2js-preprocessor@0.1.2
510 info postinstall karma-ng-html2js-preprocessor@0.1.2
511 verbose rebuild bundle /Users/hejie/projects/starWars/node_modules/karma-phantomjs-launcher
512 info build /Users/hejie/projects/starWars/node_modules/karma-phantomjs-launcher
513 info preinstall karma-phantomjs-launcher@0.2.3
514 info linkStuff karma-phantomjs-launcher@0.2.3
515 silly linkStuff karma-phantomjs-launcher@0.2.3 has /Users/hejie/projects/starWars/node_modules as its parent node_modules
516 verbose linkBins karma-phantomjs-launcher@0.2.3
517 verbose linkMans karma-phantomjs-launcher@0.2.3
518 verbose rebuildBundles karma-phantomjs-launcher@0.2.3
519 verbose rebuildBundles [ 'lodash' ]
520 info install karma-phantomjs-launcher@0.2.3
521 info postinstall karma-phantomjs-launcher@0.2.3
522 verbose rebuild bundle /Users/hejie/projects/starWars/node_modules/lodash
523 info build /Users/hejie/projects/starWars/node_modules/lodash
524 info preinstall lodash@3.9.3
525 info linkStuff lodash@3.9.3
526 silly linkStuff lodash@3.9.3 has /Users/hejie/projects/starWars/node_modules as its parent node_modules
527 verbose linkBins lodash@3.9.3
528 verbose linkMans lodash@3.9.3
529 verbose rebuildBundles lodash@3.9.3
530 info install lodash@3.9.3
531 info postinstall lodash@3.9.3
532 verbose rebuild bundle /Users/hejie/projects/starWars/node_modules/main-bower-files
533 info build /Users/hejie/projects/starWars/node_modules/main-bower-files
534 info preinstall main-bower-files@2.8.2
535 info linkStuff main-bower-files@2.8.2
536 silly linkStuff main-bower-files@2.8.2 has /Users/hejie/projects/starWars/node_modules as its parent node_modules
537 verbose linkBins main-bower-files@2.8.2
538 verbose linkMans main-bower-files@2.8.2
539 verbose rebuildBundles main-bower-files@2.8.2
540 verbose rebuildBundles [ '.bin',
540 verbose rebuildBundles   'extend',
540 verbose rebuildBundles   'globby',
540 verbose rebuildBundles   'multimatch',
540 verbose rebuildBundles   'path-exists',
540 verbose rebuildBundles   'strip-json-comments',
540 verbose rebuildBundles   'vinyl-fs' ]
541 info install main-bower-files@2.8.2
542 info postinstall main-bower-files@2.8.2
543 verbose rebuild bundle /Users/hejie/projects/starWars/node_modules/merge-stream
544 info build /Users/hejie/projects/starWars/node_modules/merge-stream
545 info preinstall merge-stream@0.1.8
546 info linkStuff merge-stream@0.1.8
547 silly linkStuff merge-stream@0.1.8 has /Users/hejie/projects/starWars/node_modules as its parent node_modules
548 verbose linkBins merge-stream@0.1.8
549 verbose linkMans merge-stream@0.1.8
550 verbose rebuildBundles merge-stream@0.1.8
551 verbose rebuildBundles [ 'through2' ]
552 info install merge-stream@0.1.8
553 info postinstall merge-stream@0.1.8
554 verbose rebuild bundle /Users/hejie/projects/starWars/node_modules/phantomjs
555 info build /Users/hejie/projects/starWars/node_modules/phantomjs
556 info preinstall phantomjs@1.9.19
557 info linkStuff phantomjs@1.9.19
558 silly linkStuff phantomjs@1.9.19 has /Users/hejie/projects/starWars/node_modules as its parent node_modules
559 verbose linkBins phantomjs@1.9.19
560 verbose link bins [ { phantomjs: './bin/phantomjs' },
560 verbose link bins   '/Users/hejie/projects/starWars/node_modules/.bin',
560 verbose link bins   false ]
561 verbose linkMans phantomjs@1.9.19
562 verbose rebuildBundles phantomjs@1.9.19
563 verbose rebuildBundles [ '.bin',
563 verbose rebuildBundles   'adm-zip',
563 verbose rebuildBundles   'fs-extra',
563 verbose rebuildBundles   'kew',
563 verbose rebuildBundles   'md5',
563 verbose rebuildBundles   'npmconf',
563 verbose rebuildBundles   'progress',
563 verbose rebuildBundles   'request',
563 verbose rebuildBundles   'request-progress',
563 verbose rebuildBundles   'which' ]
564 silly gentlyRm /Users/hejie/projects/starWars/node_modules/.bin/phantomjs is being purged
565 verbose gentlyRm don't care about contents; nuking /Users/hejie/projects/starWars/node_modules/.bin/phantomjs
566 silly vacuum-fs purging /Users/hejie/projects/starWars/node_modules/.bin/phantomjs
567 silly vacuum-fs quitting because other entries in /Users/hejie/projects/starWars/node_modules/.bin
568 info install phantomjs@1.9.19
569 verbose unsafe-perm in lifecycle true
570 info phantomjs@1.9.19 Failed to exec install script
571 verbose stack Error: phantomjs@1.9.19 install: `node install.js`
571 verbose stack Exit status 1
571 verbose stack     at EventEmitter.<anonymous> (/usr/local/lib/node_modules/npm/lib/utils/lifecycle.js:214:16)
571 verbose stack     at emitTwo (events.js:87:13)
571 verbose stack     at EventEmitter.emit (events.js:172:7)
571 verbose stack     at ChildProcess.<anonymous> (/usr/local/lib/node_modules/npm/lib/utils/spawn.js:24:14)
571 verbose stack     at emitTwo (events.js:87:13)
571 verbose stack     at ChildProcess.emit (events.js:172:7)
571 verbose stack     at maybeClose (internal/child_process.js:817:16)
571 verbose stack     at Process.ChildProcess._handle.onexit (internal/child_process.js:211:5)
572 verbose pkgid phantomjs@1.9.19
573 verbose cwd /Users/hejie/projects/starWars
574 error Darwin 15.2.0
575 error argv "/usr/local/Cellar/node/4.1.1/bin/node" "/usr/local/bin/npm" "install"
576 error node v4.1.1
577 error npm  v2.14.4
578 error code ELIFECYCLE
579 error phantomjs@1.9.19 install: `node install.js`
579 error Exit status 1
580 error Failed at the phantomjs@1.9.19 install script 'node install.js'.
580 error This is most likely a problem with the phantomjs package,
580 error not with npm itself.
580 error Tell the author that this fails on your system:
580 error     node install.js
580 error You can get their info via:
580 error     npm owner ls phantomjs
580 error There is likely additional logging output above.
581 verbose exit [ 1, true ]
